<?xml version="1.0" encoding="UTF-8"?>
<!-- Generated by org.testng.reporters.JUnitReportReporter -->
<testsuite hostname="DESKTOP-A9DN365" failures="0" tests="2" name="com.testNg.testNgAnnotations" time="34.480" errors="0" timestamp="2022-03-24T08:06:19 IST" skipped="0">
  <testcase classname="com.testNg.testNgAnnotations" name="ValidateAmzonLoadedsuccessfully" time="13.000"/>
  <system-out/>
  <testcase classname="com.testNg.testNgAnnotations" name="SearchForSamsunGMobiles" time="21.480"/>
  <system-out/>
</testsuite> <!-- com.testNg.testNgAnnotations -->
